Zumtobel                       PLI    Gr: 1    04.04.22  10:07
Zutrittsarchiv von  1. 3.2022 bis 31. 3.2022    Tgrnr = 400
 
 
 
Datum      Uhrzeit    Term.-             Raum-              On/ Mitarbeiter                                Ereig-    Zus.                
                      Nr.                Zone               Off Ausw.Nr.    Name                           nis       Daten               
-----------------------------------------------------------------------------------------------------------------------------------------
 1. 3.2022 10:40.49   28        UG2-R013 40      Gebr.Weiss O   0000000169  Linder Martin (GW)                  0    Zutritt positiv     
           10:45.14   22        UG2-R010 40      Gebr.Weiss O   0000000169  Linder Martin (GW)                  0    Zutritt positiv     
           10:51.58   28        UG2-R013 40      Gebr.Weiss O   0000000169  Linder Martin (GW)                  0    Zutritt positiv     
 3. 3.2022  9:48.19   34 EG Haupteingang 40      Gebr.Weiss O   0000000155  Muther Günter (GW)                  0    Zutritt positiv     
           10:59.34   34 EG Haupteingang 40      Gebr.Weiss O   0000000155  Muther Günter (GW)                  0    Zutritt positiv     
           11:00.52   20        UG2-R005 40      Gebr.Weiss O   0000000155  Muther Günter (GW)                  0    Zutritt positiv     
           11:01.05   22        UG2-R010 40      Gebr.Weiss O   0000000155  Muther Günter (GW)                  0    Zutritt positiv     
 4. 3.2022 12:29.21   20        UG2-R005 40      Gebr.Weiss O   0000000161  Özgöc Selcuk (GW)                   0    Zutritt positiv     
           12:29.41   28        UG2-R013 40      Gebr.Weiss O   0000000161  Özgöc Selcuk (GW)                   0    Zutritt positiv     
           12:30.30   22        UG2-R010 40      Gebr.Weiss O   0000000161  Özgöc Selcuk (GW)                   0    Zutritt positiv     
 9. 3.2022 13:08.24   20        UG2-R005 40      Gebr.Weiss O   0000000126  Strauss Michael (GW)                0    Zutritt positiv     
           13:08.36   22        UG2-R010 40      Gebr.Weiss O   0000000126  Strauss Michael (GW)                0    Zutritt positiv     
           13:13.55   28        UG2-R013 40      Gebr.Weiss O   0000000126  Strauss Michael (GW)                0    Zutritt positiv     
           13:16.16   22        UG2-R010 40      Gebr.Weiss O   0000000126  Strauss Michael (GW)                0    Zutritt positiv     
           13:19.17   28        UG2-R013 40      Gebr.Weiss O   0000000126  Strauss Michael (GW)                0    Zutritt positiv     
           13:20.21   22        UG2-R010 40      Gebr.Weiss O   0000000126  Strauss Michael (GW)                0    Zutritt positiv     
           13:21.48   28        UG2-R013 40      Gebr.Weiss O   0000000126  Strauss Michael (GW)                0    Zutritt positiv     
           13:45.59   28        UG2-R013 40      Gebr.Weiss O   0000000126  Strauss Michael (GW)                0    Zutritt positiv     
11. 3.2022  9:23.40   34 EG Haupteingang 40      Gebr.Weiss O   0000000127  Längle Klaus (GW)                   0    Zutritt positiv     
            9:26.12   20        UG2-R005 40      Gebr.Weiss O   0000000127  Längle Klaus (GW)                   0    Zutritt positiv     
            9:26.37   22        UG2-R010 40      Gebr.Weiss O   0000000127  Längle Klaus (GW)                   0    Zutritt positiv     
14. 3.2022 11:41.38   20        UG2-R005 40      Gebr.Weiss O   0000000169  Linder Martin (GW)                  0    Zutritt positiv     
           11:41.57   22        UG2-R010 40      Gebr.Weiss O   0000000169  Linder Martin (GW)                  0    Zutritt positiv     
17. 3.2022 13:37.54   34 EG Haupteingang 40      Gebr.Weiss O   0000000155  Muther Günter (GW)                  0    Zutritt positiv     
           13:39.54   34 EG Haupteingang 40      Gebr.Weiss O   0000000155  Muther Günter (GW)                  0    Zutritt positiv     
18. 3.2022 12:19.28   34 EG Haupteingang 40      Gebr.Weiss O   0000000155  Muther Günter (GW)                  0    Zutritt positiv     
           12:22.35   34 EG Haupteingang 40      Gebr.Weiss O   0000000155  Muther Günter (GW)                  0    Zutritt positiv     
           12:23.10   20        UG2-R005 40      Gebr.Weiss O   0000000155  Muther Günter (GW)                  0    Zutritt positiv     
           12:23.24   22        UG2-R010 40      Gebr.Weiss O   0000000155  Muther Günter (GW)                  0    Zutritt positiv     
21. 3.2022 18:05.38   34 EG Haupteingang 40      Gebr.Weiss O   0000000173  Gander Reinhold (GW)                0    Zutritt positiv     
           18:09.03   20        UG2-R005 40      Gebr.Weiss O   0000000173  Gander Reinhold (GW)                0    Zutritt positiv     
           18:09.29   22        UG2-R010 40      Gebr.Weiss O   0000000173  Gander Reinhold (GW)                0    Zutritt positiv     
           18:47.23   20        UG2-R005 40      Gebr.Weiss O   0000000173  Gander Reinhold (GW)                0    Zutritt positiv     
           18:49.40   20        UG2-R005 40      Gebr.Weiss O   0000000173  Gander Reinhold (GW)                0    Zutritt positiv     
           18:49.54   22        UG2-R010 40      Gebr.Weiss O   0000000173  Gander Reinhold (GW)                0    Zutritt positiv     
           20:24.20   20        UG2-R005 40      Gebr.Weiss O   0000000173  Gander Reinhold (GW)                0    Zutritt positiv     
           20:24.33   22        UG2-R010 40      Gebr.Weiss O   0000000173  Gander Reinhold (GW)                0    Zutritt positiv     
23. 3.2022 14:25.54   22        UG2-R010 40      Gebr.Weiss O   0000000064  Schmoranz Robert                    0    Zutritt positiv     
           16:09.49   34 EG Haupteingang 40      Gebr.Weiss O   0000000126  Strauss Michael (GW)                0    Zutritt positiv     
           16:10.55   20        UG2-R005 40      Gebr.Weiss O   0000000126  Strauss Michael (GW)                0    Zutritt positiv     
           16:11.06   22        UG2-R010 40      Gebr.Weiss O   0000000126  Strauss Michael (GW)                0    Zutritt positiv     
29. 3.2022  9:02.21   20        UG2-R005 40      Gebr.Weiss O   0000000156  Hofmann Thomas (GW)                 0    Zutritt positiv     
            9:02.36   22        UG2-R010 40      Gebr.Weiss O   0000000156  Hofmann Thomas (GW)                 0    Zutritt positiv     
            9:37.30   20        UG2-R005 40      Gebr.Weiss O   0000000156  Hofmann Thomas (GW)                 0    Zutritt positiv     
            9:37.42   22        UG2-R010 40      Gebr.Weiss O   0000000156  Hofmann Thomas (GW)                 0    Zutritt positiv     
           10:53.58   20        UG2-R005 40      Gebr.Weiss O   0000000156  Hofmann Thomas (GW)                 0    Zutritt positiv     
           10:54.09   22        UG2-R010 40      Gebr.Weiss O   0000000156  Hofmann Thomas (GW)                 0    Zutritt positiv     
           11:27.53   20        UG2-R005 40      Gebr.Weiss O   0000000156  Hofmann Thomas (GW)                 0    Zutritt positiv     
           11:28.05   22        UG2-R010 40      Gebr.Weiss O   0000000156  Hofmann Thomas (GW)                 0    Zutritt positiv     
 
 
 
 
