Zumtobel                       PLI    Gr: 1    10.01.22  12:05
Zutrittsarchiv von  1.11.2021 bis 30.11.2021    Tgrnr = 400
 
 
 
Datum      Uhrzeit    Term.-             Raum-              On/ Mitarbeiter                                Ereig-    Zus.                
                      Nr.                Zone               Off Ausw.Nr.    Name                           nis       Daten               
-----------------------------------------------------------------------------------------------------------------------------------------
 4.11.2021 14:25.45   20        UG2-R005 40      Gebr.Weiss O   0000000156  Hofmann Thomas (GW)                 0    Zutritt positiv     
           14:26.09   22        UG2-R010 40      Gebr.Weiss O   0000000156  Hofmann Thomas (GW)                 0    Zutritt positiv     
           14:39.55   28        UG2-R013 40      Gebr.Weiss O   0000000156  Hofmann Thomas (GW)                 0    Zutritt positiv     
           14:41.01   20        UG2-R005 40      Gebr.Weiss O   0000000156  Hofmann Thomas (GW)                 0    Zutritt positiv     
           14:41.13   22        UG2-R010 40      Gebr.Weiss O   0000000156  Hofmann Thomas (GW)                 0    Zutritt positiv     
           17:03.56   34 EG Haupteingang 40      Gebr.Weiss O   0000000161  Özgöc Selcuk (GW)                   0    Zutritt positiv     
           17:04.46   20        UG2-R005 40      Gebr.Weiss O   0000000161  Özgöc Selcuk (GW)                   0    Zutritt positiv     
           17:05.06   28        UG2-R013 40      Gebr.Weiss O   0000000161  Özgöc Selcuk (GW)                   0    Zutritt positiv     
           17:05.52   22        UG2-R010 40      Gebr.Weiss O   0000000161  Özgöc Selcuk (GW)                   0    Zutritt positiv     
11.11.2021 16:25.47   34 EG Haupteingang 40      Gebr.Weiss O   0000000166  Niederl Patrik (GW)                 0    Zutritt positiv     
           16:27.16   20        UG2-R005 40      Gebr.Weiss O   0000000166  Niederl Patrik (GW)                 0    Zutritt positiv     
           16:27.29   22        UG2-R010 40      Gebr.Weiss O   0000000166  Niederl Patrik (GW)                 0    Zutritt positiv     
           16:30.35   28        UG2-R013 40      Gebr.Weiss O   0000000166  Niederl Patrik (GW)                 0    Zutritt positiv     
15.11.2021 10:11.25   34 EG Haupteingang 40      Gebr.Weiss O   0000000126  Strauss Michael (GW)                0    Zutritt positiv     
           10:13.55   20        UG2-R005 40      Gebr.Weiss O   0000000126  Strauss Michael (GW)                0    Zutritt positiv     
           10:14.07   22        UG2-R010 40      Gebr.Weiss O   0000000126  Strauss Michael (GW)                0    Zutritt positiv     
           10:59.32   28        UG2-R013 40      Gebr.Weiss O   0000000126  Strauss Michael (GW)                0    Zutritt positiv     
16.11.2021  9:59.49   34 EG Haupteingang 40      Gebr.Weiss O   0000000155  Muther Günter (GW)                  0    Zutritt positiv     
           10:01.25   20        UG2-R005 40      Gebr.Weiss O   0000000155  Muther Günter (GW)                  0    Zutritt positiv     
           10:01.39   22        UG2-R010 40      Gebr.Weiss O   0000000155  Muther Günter (GW)                  0    Zutritt positiv     
           10:03.14   22        UG2-R010 40      Gebr.Weiss O   0000000155  Muther Günter (GW)                  0    Zutritt positiv     
           10:18.30   22        UG2-R010 40      Gebr.Weiss O   0000000155  Muther Günter (GW)                  0    Zutritt positiv     
           10:26.18   22        UG2-R010 40      Gebr.Weiss O   0000000169  Linder Martin (GW)                  0    Zutritt positiv     
           10:35.52   20        UG2-R005 40      Gebr.Weiss O   0000000169  Linder Martin (GW)                  0    Zutritt positiv     
           10:36.08   22        UG2-R010 40      Gebr.Weiss O   0000000169  Linder Martin (GW)                  0    Zutritt positiv     
           11:08.11   28        UG2-R013 40      Gebr.Weiss O   0000000169  Linder Martin (GW)                  0    Zutritt positiv     
           11:10.46   22        UG2-R010 40      Gebr.Weiss O   0000000169  Linder Martin (GW)                  0    Zutritt positiv     
           11:41.28   22        UG2-R010 40      Gebr.Weiss O   0000000127  Längle Klaus (GW)                   0    Zutritt positiv     
           11:56.41   22        UG2-R010 40      Gebr.Weiss O   0000000155  Muther Günter (GW)                  0    Zutritt positiv     
           12:22.45   28        UG2-R013 40      Gebr.Weiss O   0000000169  Linder Martin (GW)                  0    Zutritt positiv     
           12:26.45   22        UG2-R010 40      Gebr.Weiss O   0000000169  Linder Martin (GW)                  0    Zutritt positiv     
           12:47.58   22        UG2-R010 40      Gebr.Weiss O   0000000127  Längle Klaus (GW)                   0    Zutritt positiv     
           13:13.45   34 EG Haupteingang 40      Gebr.Weiss O   0000000169  Linder Martin (GW)                  0    Zutritt positiv     
           13:49.17   20        UG2-R005 40      Gebr.Weiss O   0000000156  Hofmann Thomas (GW)                 0    Zutritt positiv     
           13:49.33   22        UG2-R010 40      Gebr.Weiss O   0000000156  Hofmann Thomas (GW)                 0    Zutritt positiv     
           13:55.29   20        UG2-R005 40      Gebr.Weiss O   0000000127  Längle Klaus (GW)                   0    Zutritt positiv     
           13:55.46   22        UG2-R010 40      Gebr.Weiss O   0000000127  Längle Klaus (GW)                   0    Zutritt positiv     
           13:56.09   20        UG2-R005 40      Gebr.Weiss O   0000000169  Linder Martin (GW)                  0    Zutritt positiv     
           13:56.21   22        UG2-R010 40      Gebr.Weiss O   0000000169  Linder Martin (GW)                  0    Zutritt positiv     
           13:56.53   22        UG2-R010 40      Gebr.Weiss O   0000000155  Muther Günter (GW)                  0    Zutritt positiv     
           14:54.45   28        UG2-R013 40      Gebr.Weiss O   0000000169  Linder Martin (GW)                  0    Zutritt positiv     
           14:55.39   22        UG2-R010 40      Gebr.Weiss O   0000000169  Linder Martin (GW)                  0    Zutritt positiv     
           15:06.33   34 EG Haupteingang 40      Gebr.Weiss O   0000000127  Längle Klaus (GW)                   0    Zutritt positiv     
           15:07.01   20        UG2-R005 40      Gebr.Weiss O   0000000127  Längle Klaus (GW)                   0    Zutritt positiv     
           15:07.13   22        UG2-R010 40      Gebr.Weiss O   0000000127  Längle Klaus (GW)                   0    Zutritt positiv     
           15:51.59   22        UG2-R010 40      Gebr.Weiss O   0000000155  Muther Günter (GW)                  0    Zutritt positiv     
           15:56.46   28        UG2-R013 40      Gebr.Weiss O   0000000169  Linder Martin (GW)                  0    Zutritt positiv     
           15:57.47   22        UG2-R010 40      Gebr.Weiss O   0000000169  Linder Martin (GW)                  0    Zutritt positiv     
           16:15.45   20        UG2-R005 40      Gebr.Weiss O   0000000156  Hofmann Thomas (GW)                 0    Zutritt positiv     
           16:15.58   22        UG2-R010 40      Gebr.Weiss O   0000000156  Hofmann Thomas (GW)                 0    Zutritt positiv     
           16:33.08   22        UG2-R010 40      Gebr.Weiss O   0000000156  Hofmann Thomas (GW)                 0    Zutritt positiv     
           16:59.23   28        UG2-R013 40      Gebr.Weiss O   0000000169  Linder Martin (GW)                  0    Zutritt positiv     
           16:59.54   22        UG2-R010 40      Gebr.Weiss O   0000000169  Linder Martin (GW)                  0    Zutritt positiv     
           17:01.34   20        UG2-R005 40      Gebr.Weiss O   0000000156  Hofmann Thomas (GW)                 0    Zutritt positiv     
           17:01.46   22        UG2-R010 40      Gebr.Weiss O   0000000156  Hofmann Thomas (GW)                 0    Zutritt positiv     
           17:04.12   28        UG2-R013 40      Gebr.Weiss O   0000000169  Linder Martin (GW)                  0    Zutritt positiv     
19.11.2021 11:48.01   20        UG2-R005 40      Gebr.Weiss O   0000000156  Hofmann Thomas (GW)                 0    Zutritt positiv     
           11:48.14   22        UG2-R010 40      Gebr.Weiss O   0000000156  Hofmann Thomas (GW)                 0    Zutritt positiv     
20.11.2021 11:44.57   34 EG Haupteingang 40      Gebr.Weiss O   0000000126  Strauss Michael (GW)                0    Zutritt positiv     
           11:46.19   20        UG2-R005 40      Gebr.Weiss O   0000000126  Strauss Michael (GW)                0    Zutritt positiv     
           11:46.34   22        UG2-R010 40      Gebr.Weiss O   0000000126  Strauss Michael (GW)                0    Zutritt positiv     
           12:08.26   34 EG Haupteingang 40      Gebr.Weiss O   0000000126  Strauss Michael (GW)                0    Zutritt positiv     
           12:09.04   20        UG2-R005 40      Gebr.Weiss O   0000000126  Strauss Michael (GW)                0    Zutritt positiv     
           12:12.36   28        UG2-R013 40      Gebr.Weiss O   0000000126  Strauss Michael (GW)                0    Zutritt positiv     
           12:21.57   20        UG2-R005 40      Gebr.Weiss O   0000000126  Strauss Michael (GW)                0    Zutritt positiv     
           12:35.20   34 EG Haupteingang 40      Gebr.Weiss O   0000000122  Safron Andreas (GW)                 0    Zutritt positiv     
           12:35.59   20        UG2-R005 40      Gebr.Weiss O   0000000122  Safron Andreas (GW)                 0    Zutritt positiv     
           12:56.28   20        UG2-R005 40      Gebr.Weiss O   0000000158  Rambach Mike (GW)                   0    Zutritt positiv     
           13:48.19   28        UG2-R013 40      Gebr.Weiss O   0000000126  Strauss Michael (GW)                0    Zutritt positiv     
           14:08.52   20        UG2-R005 40      Gebr.Weiss O   0000000179  Braeuer Frank (GW)                  0    Zutritt positiv     
           14:40.27   28        UG2-R013 40      Gebr.Weiss O   0000000126  Strauss Michael (GW)                0    Zutritt positiv     
           14:57.31   28        UG2-R013 40      Gebr.Weiss O   0000000158  Rambach Mike (GW)                   0    Zutritt positiv     
           15:16.22   28        UG2-R013 40      Gebr.Weiss O   0000000126  Strauss Michael (GW)                0    Zutritt positiv     
21.11.2021  8:09.37   20        UG2-R005 40      Gebr.Weiss O   0000000126  Strauss Michael (GW)                0    Zutritt positiv     
            8:09.50   22        UG2-R010 40      Gebr.Weiss O   0000000126  Strauss Michael (GW)                0    Zutritt positiv     
           10:22.46   28        UG2-R013 40      Gebr.Weiss O   0000000126  Strauss Michael (GW)                0    Zutritt positiv     
           10:33.57   28        UG2-R013 40      Gebr.Weiss O   0000000126  Strauss Michael (GW)                0    Zutritt positiv     
           10:53.59   28        UG2-R013 40      Gebr.Weiss O   0000000126  Strauss Michael (GW)                0    Zutritt positiv     
           12:04.24   28        UG2-R013 40      Gebr.Weiss O   0000000126  Strauss Michael (GW)                0    Zutritt positiv     
22.11.2021 17:29.47   34 EG Haupteingang 40      Gebr.Weiss O   0000000126  Strauss Michael (GW)                0    Zutritt positiv     
           17:30.59   20        UG2-R005 40      Gebr.Weiss O   0000000126  Strauss Michael (GW)                0    Zutritt positiv     
           17:31.15   22        UG2-R010 40      Gebr.Weiss O   0000000126  Strauss Michael (GW)                0    Zutritt positiv     
           17:46.13   28        UG2-R013 40      Gebr.Weiss O   0000000126  Strauss Michael (GW)                0    Zutritt positiv     
           17:47.07   20        UG2-R005 40      Gebr.Weiss O   0000000126  Strauss Michael (GW)                0    Zutritt positiv     
           17:50.56   34 EG Haupteingang 40      Gebr.Weiss O   0000000126  Strauss Michael (GW)                0    Zutritt positiv     
23.11.2021  8:26.29   34 EG Haupteingang 40      Gebr.Weiss O   0000000169  Linder Martin (GW)                  0    Zutritt positiv     
            8:27.05   20        UG2-R005 40      Gebr.Weiss O   0000000169  Linder Martin (GW)                  0    Zutritt positiv     
            8:27.18   22        UG2-R010 40      Gebr.Weiss O   0000000169  Linder Martin (GW)                  0    Zutritt positiv     
            8:37.20   20        UG2-R005 40      Gebr.Weiss O   0000000169  Linder Martin (GW)                  0    Zutritt positiv     
            8:37.30   22        UG2-R010 40      Gebr.Weiss O   0000000169  Linder Martin (GW)                  0    Zutritt positiv     
            9:20.56   28        UG2-R013 40      Gebr.Weiss O   0000000169  Linder Martin (GW)                  0    Zutritt positiv     
           13:54.15   34 EG Haupteingang 40      Gebr.Weiss O   0000000127  Längle Klaus (GW)                   0    Zutritt positiv     
           13:55.40   34 EG Haupteingang 40      Gebr.Weiss O   0000000155  Muther Günter (GW)                  0    Zutritt positiv     
           13:55.57   20        UG2-R005 40      Gebr.Weiss O   0000000127  Längle Klaus (GW)                   0    Zutritt positiv     
           13:56.10   22        UG2-R010 40      Gebr.Weiss O   0000000127  Längle Klaus (GW)                   0    Zutritt positiv     
           13:57.08   20        UG2-R005 40      Gebr.Weiss O   0000000155  Muther Günter (GW)                  0    Zutritt positiv     
           13:57.27   22        UG2-R010 40      Gebr.Weiss O   0000000155  Muther Günter (GW)                  0    Zutritt positiv     
           14:12.10   22        UG2-R010 40      Gebr.Weiss O   0000000127  Längle Klaus (GW)                   0    Zutritt positiv     
           15:26.30   22        UG2-R010 40      Gebr.Weiss O   0000000155  Muther Günter (GW)                  0    Zutritt positiv     
           15:29.50   20        UG2-R005 40      Gebr.Weiss O   0000000155  Muther Günter (GW)                  0    Zutritt positiv     
           15:30.17   22        UG2-R010 40      Gebr.Weiss O   0000000155  Muther Günter (GW)                  0    Zutritt positiv     
           16:44.43   28        UG2-R013 40      Gebr.Weiss O   0000000155  Muther Günter (GW)                  0    Zutritt positiv     
24.11.2021  8:58.55   34 EG Haupteingang 40      Gebr.Weiss O   0000000169  Linder Martin (GW)                  0    Zutritt positiv     
            8:59.28   20        UG2-R005 40      Gebr.Weiss O   0000000169  Linder Martin (GW)                  0    Zutritt positiv     
            8:59.41   22        UG2-R010 40      Gebr.Weiss O   0000000169  Linder Martin (GW)                  0    Zutritt positiv     
           10:21.45   28        UG2-R013 40      Gebr.Weiss O   0000000169  Linder Martin (GW)                  0    Zutritt positiv     
           10:23.01   28        UG2-R013 40      Gebr.Weiss O   0000000169  Linder Martin (GW)                  0    Zutritt positiv     
           10:28.05   28        UG2-R013 40      Gebr.Weiss O   0000000169  Linder Martin (GW)                  0    Zutritt positiv     
           10:28.23   22        UG2-R010 40      Gebr.Weiss O   0000000169  Linder Martin (GW)                  0    Zutritt positiv     
           11:12.36   28        UG2-R013 40      Gebr.Weiss O   0000000169  Linder Martin (GW)                  0    Zutritt positiv     
           11:14.02   22        UG2-R010 40      Gebr.Weiss O   0000000169  Linder Martin (GW)                  0    Zutritt positiv     
30.11.2021  9:18.01   22        UG2-R010 40      Gebr.Weiss O   0000000093  Velanac Srecko                      0    Zutritt positiv     
           10:00.54   34 EG Haupteingang 40      Gebr.Weiss O   0000000127  Längle Klaus (GW)                   0    Zutritt positiv     
           10:03.50   20        UG2-R005 40      Gebr.Weiss O   0000000127  Längle Klaus (GW)                   0    Zutritt positiv     
           10:04.15   22        UG2-R010 40      Gebr.Weiss O   0000000127  Längle Klaus (GW)                   0    Zutritt positiv     
           10:18.17   22        UG2-R010 40      Gebr.Weiss O   0000000093  Velanac Srecko                      0    Zutritt positiv     
           11:10.32   22        UG2-R010 40      Gebr.Weiss O   0000000127  Längle Klaus (GW)                   0    Zutritt positiv     
           11:24.12   34 EG Haupteingang 40      Gebr.Weiss O   0000000127  Längle Klaus (GW)                   0    Zutritt positiv     
           15:56.39   22        UG2-R010 40      Gebr.Weiss O   0000000093  Velanac Srecko                      0    Zutritt positiv     
 
 
 
 
